# JRE version: OpenJDK Runtime Environment (7.0_75-b13) (build 1.7.0_75-b13)
# Java VM: OpenJDK 64-Bit Server VM (24.75-b04 mixed mode linux-amd64 compressed oops)
Heap
 def new generation   total 21120K, used 0K [0x00000000d6800000, 0x00000000d7ee0000, 0x00000000e0e00000)
  eden space 18816K,   0% used [0x00000000d6800000, 0x00000000d6800000, 0x00000000d7a60000)
  from space 2304K,   0% used [0x00000000d7a60000, 0x00000000d7a60000, 0x00000000d7ca0000)
  to   space 2304K,   0% used [0x00000000d7ca0000, 0x00000000d7ca0000, 0x00000000d7ee0000)
 tenured generation   total 48788K, used 34187K [0x00000000e0e00000, 0x00000000e3da5000, 0x00000000f5a00000)
   the space 48788K,  70% used [0x00000000e0e00000, 0x00000000e2f62d60, 0x00000000e2f62e00, 0x00000000e3da5000)
 compacting perm gen  total 29696K, used 29549K [0x00000000f5a00000, 0x00000000f7700000, 0x0000000100000000)
   the space 29696K,  99% used [0x00000000f5a00000, 0x00000000f76db650, 0x00000000f76db800, 0x00000000f7700000)
GC Heap History (10 events):
Event: 88.627 GC heap after
Heap after GC invocations=286 (full 7):
 def new generation   total 21120K, used 439K [0x00000000d6800000, 0x00000000d7ee0000, 0x00000000e0e00000)
  eden space 18816K,   0% used [0x00000000d6800000, 0x00000000d6800000, 0x00000000d7a60000)
  from space 2304K,  19% used [0x00000000d7ca0000, 0x00000000d7d0df20, 0x00000000d7ee0000)
  to   space 2304K,   0% used [0x00000000d7a60000, 0x00000000d7a60000, 0x00000000d7ca0000)
 tenured generation   total 46676K, used 45615K [0x00000000e0e00000, 0x00000000e3b95000, 0x00000000f5a00000)
   the space 46676K,  97% used [0x00000000e0e00000, 0x00000000e3a8be90, 0x00000000e3a8c000, 0x00000000e3b95000)
 compacting perm gen  total 29696K, used 29548K [0x00000000f5a00000, 0x00000000f7700000, 0x0000000100000000)
   the space 29696K,  99% used [0x00000000f5a00000, 0x00000000f76db0f8, 0x00000000f76db200, 0x00000000f7700000)
No shared spaces configured.
}
Event: 88.649 GC heap before
{Heap before GC invocations=286 (full 7):
 def new generation   total 21120K, used 19255K [0x00000000d6800000, 0x00000000d7ee0000, 0x00000000e0e00000)
  eden space 18816K, 100% used [0x00000000d6800000, 0x00000000d7a60000, 0x00000000d7a60000)
  from space 2304K,  19% used [0x00000000d7ca0000, 0x00000000d7d0df20, 0x00000000d7ee0000)
  to   space 2304K,   0% used [0x00000000d7a60000, 0x00000000d7a60000, 0x00000000d7ca0000)
 tenured generation   total 46676K, used 45615K [0x00000000e0e00000, 0x00000000e3b95000, 0x00000000f5a00000)
   the space 46676K,  97% used [0x00000000e0e00000, 0x00000000e3a8be90, 0x00000000e3a8c000, 0x00000000e3b95000)
 compacting perm gen  total 29696K, used 29548K [0x00000000f5a00000, 0x00000000f7700000, 0x0000000100000000)
   the space 29696K,  99% used [0x00000000f5a00000, 0x00000000f76db0f8, 0x00000000f76db200, 0x00000000f7700000)
No shared spaces configured.
Event: 88.651 GC heap after
Heap after GC invocations=287 (full 7):
 def new generation   total 21120K, used 554K [0x00000000d6800000, 0x00000000d7ee0000, 0x00000000e0e00000)
  eden space 18816K,   0% used [0x00000000d6800000, 0x00000000d6800000, 0x00000000d7a60000)
  from space 2304K,  24% used [0x00000000d7a60000, 0x00000000d7aeab50, 0x00000000d7ca0000)
  to   space 2304K,   0% used [0x00000000d7ca0000, 0x00000000d7ca0000, 0x00000000d7ee0000)
 tenured generation   total 46676K, used 45615K [0x00000000e0e00000, 0x00000000e3b95000, 0x00000000f5a00000)
   the space 46676K,  97% used [0x00000000e0e00000, 0x00000000e3a8be90, 0x00000000e3a8c000, 0x00000000e3b95000)
 compacting perm gen  total 29696K, used 29548K [0x00000000f5a00000, 0x00000000f7700000, 0x0000000100000000)
   the space 29696K,  99% used [0x00000000f5a00000, 0x00000000f76db0f8, 0x00000000f76db200, 0x00000000f7700000)
No shared spaces configured.
}
Event: 88.680 GC heap before
{Heap before GC invocations=287 (full 7):
 def new generation   total 21120K, used 19370K [0x00000000d6800000, 0x00000000d7ee0000, 0x00000000e0e00000)
  eden space 18816K, 100% used [0x00000000d6800000, 0x00000000d7a60000, 0x00000000d7a60000)
  from space 2304K,  24% used [0x00000000d7a60000, 0x00000000d7aeab50, 0x00000000d7ca0000)
  to   space 2304K,   0% used [0x00000000d7ca0000, 0x00000000d7ca0000, 0x00000000d7ee0000)
 tenured generation   total 46676K, used 45615K [0x00000000e0e00000, 0x00000000e3b95000, 0x00000000f5a00000)
   the space 46676K,  97% used [0x00000000e0e00000, 0x00000000e3a8be90, 0x00000000e3a8c000, 0x00000000e3b95000)
 compacting perm gen  total 29696K, used 29548K [0x00000000f5a00000, 0x00000000f7700000, 0x0000000100000000)
   the space 29696K,  99% used [0x00000000f5a00000, 0x00000000f76db278, 0x00000000f76db400, 0x00000000f7700000)
No shared spaces configured.
Event: 88.682 GC heap after
Heap after GC invocations=288 (full 7):
 def new generation   total 21120K, used 1207K [0x00000000d6800000, 0x00000000d7ee0000, 0x00000000e0e00000)
  eden space 18816K,   0% used [0x00000000d6800000, 0x00000000d6800000, 0x00000000d7a60000)
  from space 2304K,  52% used [0x00000000d7ca0000, 0x00000000d7dcdef0, 0x00000000d7ee0000)
  to   space 2304K,   0% used [0x00000000d7a60000, 0x00000000d7a60000, 0x00000000d7ca0000)
 tenured generation   total 46676K, used 45615K [0x00000000e0e00000, 0x00000000e3b95000, 0x00000000f5a00000)
   the space 46676K,  97% used [0x00000000e0e00000, 0x00000000e3a8be90, 0x00000000e3a8c000, 0x00000000e3b95000)
 compacting perm gen  total 29696K, used 29548K [0x00000000f5a00000, 0x00000000f7700000, 0x0000000100000000)
   the space 29696K,  99% used [0x00000000f5a00000, 0x00000000f76db278, 0x00000000f76db400, 0x00000000f7700000)
No shared spaces configured.
}
Event: 88.713 GC heap before
{Heap before GC invocations=288 (full 7):
 def new generation   total 21120K, used 20023K [0x00000000d6800000, 0x00000000d7ee0000, 0x00000000e0e00000)
  eden space 18816K, 100% used [0x00000000d6800000, 0x00000000d7a60000, 0x00000000d7a60000)
  from space 2304K,  52% used [0x00000000d7ca0000, 0x00000000d7dcdef0, 0x00000000d7ee0000)
  to   space 2304K,   0% used [0x00000000d7a60000, 0x00000000d7a60000, 0x00000000d7ca0000)
 tenured generation   total 46676K, used 45615K [0x00000000e0e00000, 0x00000000e3b95000, 0x00000000f5a00000)
   the space 46676K,  97% used [0x00000000e0e00000, 0x00000000e3a8be90, 0x00000000e3a8c000, 0x00000000e3b95000)
 compacting perm gen  total 29696K, used 29550K [0x00000000f5a00000, 0x00000000f7700000, 0x0000000100000000)
   the space 29696K,  99% used [0x00000000f5a00000, 0x00000000f76dba88, 0x00000000f76dbc00, 0x00000000f7700000)
No shared spaces configured.
Event: 88.716 GC heap after
Heap after GC invocations=289 (full 7):
 def new generation   total 21120K, used 1159K [0x00000000d6800000, 0x00000000d7ee0000, 0x00000000e0e00000)
  eden space 18816K,   0% used [0x00000000d6800000, 0x00000000d6800000, 0x00000000d7a60000)
  from space 2304K,  50% used [0x00000000d7a60000, 0x00000000d7b81e70, 0x00000000d7ca0000)
  to   space 2304K,   0% used [0x00000000d7ca0000, 0x00000000d7ca0000, 0x00000000d7ee0000)
 tenured generation   total 46676K, used 45895K [0x00000000e0e00000, 0x00000000e3b95000, 0x00000000f5a00000)
   the space 46676K,  98% used [0x00000000e0e00000, 0x00000000e3ad1df8, 0x00000000e3ad1e00, 0x00000000e3b95000)
 compacting perm gen  total 29696K, used 29550K [0x00000000f5a00000, 0x00000000f7700000, 0x0000000100000000)
   the space 29696K,  99% used [0x00000000f5a00000, 0x00000000f76dba88, 0x00000000f76dbc00, 0x00000000f7700000)
No shared spaces configured.
}
Event: 88.754 GC heap before
{Heap before GC invocations=289 (full 7):
 def new generation   total 21120K, used 19975K [0x00000000d6800000, 0x00000000d7ee0000, 0x00000000e0e00000)
  eden space 18816K, 100% used [0x00000000d6800000, 0x00000000d7a60000, 0x00000000d7a60000)
  from space 2304K,  50% used [0x00000000d7a60000, 0x00000000d7b81e70, 0x00000000d7ca0000)
  to   space 2304K,   0% used [0x00000000d7ca0000, 0x00000000d7ca0000, 0x00000000d7ee0000)
 tenured generation   total 46676K, used 45895K [0x00000000e0e00000, 0x00000000e3b95000, 0x00000000f5a00000)
   the space 46676K,  98% used [0x00000000e0e00000, 0x00000000e3ad1df8, 0x00000000e3ad1e00, 0x00000000e3b95000)
 compacting perm gen  total 29696K, used 29551K [0x00000000f5a00000, 0x00000000f7700000, 0x0000000100000000)
   the space 29696K,  99% used [0x00000000f5a00000, 0x00000000f76dbd40, 0x00000000f76dbe00, 0x00000000f7700000)
No shared spaces configured.
Event: 88.757 GC heap after
Heap after GC invocations=290 (full 7):
 def new generation   total 21120K, used 2303K [0x00000000d6800000, 0x00000000d7ee0000, 0x00000000e0e00000)
  eden space 18816K,   0% used [0x00000000d6800000, 0x00000000d6800000, 0x00000000d7a60000)
  from space 2304K,  99% used [0x00000000d7ca0000, 0x00000000d7edfff8, 0x00000000d7ee0000)
  to   space 2304K,   0% used [0x00000000d7a60000, 0x00000000d7a60000, 0x00000000d7ca0000)
 tenured generation   total 46676K, used 46455K [0x00000000e0e00000, 0x00000000e3b95000, 0x00000000f5a00000)
   the space 46676K,  99% used [0x00000000e0e00000, 0x00000000e3b5dc58, 0x00000000e3b5de00, 0x00000000e3b95000)
 compacting perm gen  total 29696K, used 29551K [0x00000000f5a00000, 0x00000000f7700000, 0x0000000100000000)
   the space 29696K,  99% used [0x00000000f5a00000, 0x00000000f76dbd40, 0x00000000f76dbe00, 0x00000000f7700000)
No shared spaces configured.
}
Event: 88.777 GC heap before
{Heap before GC invocations=290 (full 7):
 def new generation   total 21120K, used 21118K [0x00000000d6800000, 0x00000000d7ee0000, 0x00000000e0e00000)
  eden space 18816K,  99% used [0x00000000d6800000, 0x00000000d7a5f920, 0x00000000d7a60000)
  from space 2304K,  99% used [0x00000000d7ca0000, 0x00000000d7edfff8, 0x00000000d7ee0000)
  to   space 2304K,   0% used [0x00000000d7a60000, 0x00000000d7a60000, 0x00000000d7ca0000)
 tenured generation   total 46676K, used 46455K [0x00000000e0e00000, 0x00000000e3b95000, 0x00000000f5a00000)
   the space 46676K,  99% used [0x00000000e0e00000, 0x00000000e3b5dc58, 0x00000000e3b5de00, 0x00000000e3b95000)
 compacting perm gen  total 29696K, used 29552K [0x00000000f5a00000, 0x00000000f7700000, 0x0000000100000000)
   the space 29696K,  99% used [0x00000000f5a00000, 0x00000000f76dc150, 0x00000000f76dc200, 0x00000000f7700000)
No shared spaces configured.

