# JRE version: OpenJDK Runtime Environment (7.0_75-b13) (build 1.7.0_75-b13)
# Java VM: OpenJDK 64-Bit Server VM (24.75-b04 mixed mode linux-amd64 compressed oops)
Heap
 def new generation   total 23680K, used 0K [0x00000000d6800000, 0x00000000d81b0000, 0x00000000e0e00000)
  eden space 21056K,   0% used [0x00000000d6800000, 0x00000000d6800000, 0x00000000d7c90000)
  from space 2624K,   0% used [0x00000000d7f20000, 0x00000000d7f20000, 0x00000000d81b0000)
  to   space 2624K,   0% used [0x00000000d7c90000, 0x00000000d7c90000, 0x00000000d7f20000)
 tenured generation   total 53216K, used 34067K [0x00000000e0e00000, 0x00000000e41f8000, 0x00000000f5a00000)
   the space 53216K,  64% used [0x00000000e0e00000, 0x00000000e2f44dc0, 0x00000000e2f44e00, 0x00000000e41f8000)
 compacting perm gen  total 29696K, used 29677K [0x00000000f5a00000, 0x00000000f7700000, 0x0000000100000000)
   the space 29696K,  99% used [0x00000000f5a00000, 0x00000000f76fb618, 0x00000000f76fb800, 0x00000000f7700000)
GC Heap History (10 events):
Event: 55603.362 GC heap after
Heap after GC invocations=489 (full 12):
 def new generation   total 23680K, used 1387K [0x00000000d6800000, 0x00000000d81b0000, 0x00000000e0e00000)
  eden space 21056K,   0% used [0x00000000d6800000, 0x00000000d6800000, 0x00000000d7c90000)
  from space 2624K,  52% used [0x00000000d7c90000, 0x00000000d7deafe8, 0x00000000d7f20000)
  to   space 2624K,   0% used [0x00000000d7f20000, 0x00000000d7f20000, 0x00000000d81b0000)
 tenured generation   total 52448K, used 50629K [0x00000000e0e00000, 0x00000000e4138000, 0x00000000f5a00000)
   the space 52448K,  96% used [0x00000000e0e00000, 0x00000000e3f71660, 0x00000000e3f71800, 0x00000000e4138000)
 compacting perm gen  total 29696K, used 29676K [0x00000000f5a00000, 0x00000000f7700000, 0x0000000100000000)
   the space 29696K,  99% used [0x00000000f5a00000, 0x00000000f76fb080, 0x00000000f76fb200, 0x00000000f7700000)
No shared spaces configured.
}
Event: 55603.391 GC heap before
{Heap before GC invocations=489 (full 12):
 def new generation   total 23680K, used 22443K [0x00000000d6800000, 0x00000000d81b0000, 0x00000000e0e00000)
  eden space 21056K,  99% used [0x00000000d6800000, 0x00000000d7c8ff80, 0x00000000d7c90000)
  from space 2624K,  52% used [0x00000000d7c90000, 0x00000000d7deafe8, 0x00000000d7f20000)
  to   space 2624K,   0% used [0x00000000d7f20000, 0x00000000d7f20000, 0x00000000d81b0000)
 tenured generation   total 52448K, used 50629K [0x00000000e0e00000, 0x00000000e4138000, 0x00000000f5a00000)
   the space 52448K,  96% used [0x00000000e0e00000, 0x00000000e3f71660, 0x00000000e3f71800, 0x00000000e4138000)
 compacting perm gen  total 29696K, used 29676K [0x00000000f5a00000, 0x00000000f7700000, 0x0000000100000000)
   the space 29696K,  99% used [0x00000000f5a00000, 0x00000000f76fb300, 0x00000000f76fb400, 0x00000000f7700000)
No shared spaces configured.
Event: 55603.393 GC heap after
Heap after GC invocations=490 (full 12):
 def new generation   total 23680K, used 2051K [0x00000000d6800000, 0x00000000d81b0000, 0x00000000e0e00000)
  eden space 21056K,   0% used [0x00000000d6800000, 0x00000000d6800000, 0x00000000d7c90000)
  from space 2624K,  78% used [0x00000000d7f20000, 0x00000000d8120fd0, 0x00000000d81b0000)
  to   space 2624K,   0% used [0x00000000d7c90000, 0x00000000d7c90000, 0x00000000d7f20000)
 tenured generation   total 52448K, used 50850K [0x00000000e0e00000, 0x00000000e4138000, 0x00000000f5a00000)
   the space 52448K,  96% used [0x00000000e0e00000, 0x00000000e3fa8b38, 0x00000000e3fa8c00, 0x00000000e4138000)
 compacting perm gen  total 29696K, used 29676K [0x00000000f5a00000, 0x00000000f7700000, 0x0000000100000000)
   the space 29696K,  99% used [0x00000000f5a00000, 0x00000000f76fb300, 0x00000000f76fb400, 0x00000000f7700000)
No shared spaces configured.
}
Event: 55603.417 GC heap before
{Heap before GC invocations=490 (full 12):
 def new generation   total 23680K, used 23107K [0x00000000d6800000, 0x00000000d81b0000, 0x00000000e0e00000)
  eden space 21056K, 100% used [0x00000000d6800000, 0x00000000d7c90000, 0x00000000d7c90000)
  from space 2624K,  78% used [0x00000000d7f20000, 0x00000000d8120fd0, 0x00000000d81b0000)
  to   space 2624K,   0% used [0x00000000d7c90000, 0x00000000d7c90000, 0x00000000d7f20000)
 tenured generation   total 52448K, used 50850K [0x00000000e0e00000, 0x00000000e4138000, 0x00000000f5a00000)
   the space 52448K,  96% used [0x00000000e0e00000, 0x00000000e3fa8b38, 0x00000000e3fa8c00, 0x00000000e4138000)
 compacting perm gen  total 29696K, used 29676K [0x00000000f5a00000, 0x00000000f7700000, 0x0000000100000000)
   the space 29696K,  99% used [0x00000000f5a00000, 0x00000000f76fb300, 0x00000000f76fb400, 0x00000000f7700000)
No shared spaces configured.
Event: 55603.419 GC heap after
Heap after GC invocations=491 (full 12):
 def new generation   total 23680K, used 689K [0x00000000d6800000, 0x00000000d81b0000, 0x00000000e0e00000)
  eden space 21056K,   0% used [0x00000000d6800000, 0x00000000d6800000, 0x00000000d7c90000)
  from space 2624K,  26% used [0x00000000d7c90000, 0x00000000d7d3c468, 0x00000000d7f20000)
  to   space 2624K,   0% used [0x00000000d7f20000, 0x00000000d7f20000, 0x00000000d81b0000)
 tenured generation   total 52448K, used 51733K [0x00000000e0e00000, 0x00000000e4138000, 0x00000000f5a00000)
   the space 52448K,  98% used [0x00000000e0e00000, 0x00000000e4085640, 0x00000000e4085800, 0x00000000e4138000)
 compacting perm gen  total 29696K, used 29676K [0x00000000f5a00000, 0x00000000f7700000, 0x0000000100000000)
   the space 29696K,  99% used [0x00000000f5a00000, 0x00000000f76fb300, 0x00000000f76fb400, 0x00000000f7700000)
No shared spaces configured.
}
Event: 55603.438 GC heap before
{Heap before GC invocations=491 (full 12):
 def new generation   total 23680K, used 21745K [0x00000000d6800000, 0x00000000d81b0000, 0x00000000e0e00000)
  eden space 21056K, 100% used [0x00000000d6800000, 0x00000000d7c90000, 0x00000000d7c90000)
  from space 2624K,  26% used [0x00000000d7c90000, 0x00000000d7d3c468, 0x00000000d7f20000)
  to   space 2624K,   0% used [0x00000000d7f20000, 0x00000000d7f20000, 0x00000000d81b0000)
 tenured generation   total 52448K, used 51733K [0x00000000e0e00000, 0x00000000e4138000, 0x00000000f5a00000)
   the space 52448K,  98% used [0x00000000e0e00000, 0x00000000e4085640, 0x00000000e4085800, 0x00000000e4138000)
 compacting perm gen  total 29696K, used 29676K [0x00000000f5a00000, 0x00000000f7700000, 0x0000000100000000)
   the space 29696K,  99% used [0x00000000f5a00000, 0x00000000f76fb300, 0x00000000f76fb400, 0x00000000f7700000)
No shared spaces configured.
Event: 55603.439 GC heap after
Heap after GC invocations=492 (full 12):
 def new generation   total 23680K, used 794K [0x00000000d6800000, 0x00000000d81b0000, 0x00000000e0e00000)
  eden space 21056K,   0% used [0x00000000d6800000, 0x00000000d6800000, 0x00000000d7c90000)
  from space 2624K,  30% used [0x00000000d7f20000, 0x00000000d7fe6b78, 0x00000000d81b0000)
  to   space 2624K,   0% used [0x00000000d7c90000, 0x00000000d7c90000, 0x00000000d7f20000)
 tenured generation   total 52448K, used 51733K [0x00000000e0e00000, 0x00000000e4138000, 0x00000000f5a00000)
   the space 52448K,  98% used [0x00000000e0e00000, 0x00000000e4085640, 0x00000000e4085800, 0x00000000e4138000)
 compacting perm gen  total 29696K, used 29676K [0x00000000f5a00000, 0x00000000f7700000, 0x0000000100000000)
   the space 29696K,  99% used [0x00000000f5a00000, 0x00000000f76fb300, 0x00000000f76fb400, 0x00000000f7700000)
No shared spaces configured.
}
Event: 55603.476 GC heap before
{Heap before GC invocations=492 (full 12):
 def new generation   total 23680K, used 21850K [0x00000000d6800000, 0x00000000d81b0000, 0x00000000e0e00000)
  eden space 21056K, 100% used [0x00000000d6800000, 0x00000000d7c90000, 0x00000000d7c90000)
  from space 2624K,  30% used [0x00000000d7f20000, 0x00000000d7fe6b78, 0x00000000d81b0000)
  to   space 2624K,   0% used [0x00000000d7c90000, 0x00000000d7c90000, 0x00000000d7f20000)
 tenured generation   total 52448K, used 51733K [0x00000000e0e00000, 0x00000000e4138000, 0x00000000f5a00000)
   the space 52448K,  98% used [0x00000000e0e00000, 0x00000000e4085640, 0x00000000e4085800, 0x00000000e4138000)
 compacting perm gen  total 29696K, used 29677K [0x00000000f5a00000, 0x00000000f7700000, 0x0000000100000000)
   the space 29696K,  99% used [0x00000000f5a00000, 0x00000000f76fb4b0, 0x00000000f76fb600, 0x00000000f7700000)
No shared spaces configured.
Event: 55603.479 GC heap after
Heap after GC invocations=493 (full 12):
 def new generation   total 23680K, used 2624K [0x00000000d6800000, 0x00000000d81b0000, 0x00000000e0e00000)
  eden space 21056K,   0% used [0x00000000d6800000, 0x00000000d6800000, 0x00000000d7c90000)
  from space 2624K, 100% used [0x00000000d7c90000, 0x00000000d7f20000, 0x00000000d7f20000)
  to   space 2624K,   0% used [0x00000000d7f20000, 0x00000000d7f20000, 0x00000000d81b0000)
 tenured generation   total 52448K, used 51924K [0x00000000e0e00000, 0x00000000e4138000, 0x00000000f5a00000)
   the space 52448K,  99% used [0x00000000e0e00000, 0x00000000e40b5328, 0x00000000e40b5400, 0x00000000e4138000)
 compacting perm gen  total 29696K, used 29677K [0x00000000f5a00000, 0x00000000f7700000, 0x0000000100000000)
   the space 29696K,  99% used [0x00000000f5a00000, 0x00000000f76fb4b0, 0x00000000f76fb600, 0x00000000f7700000)
No shared spaces configured.
}
Event: 55603.502 GC heap before
{Heap before GC invocations=493 (full 12):
 def new generation   total 23680K, used 23658K [0x00000000d6800000, 0x00000000d81b0000, 0x00000000e0e00000)
  eden space 21056K,  99% used [0x00000000d6800000, 0x00000000d7c8aae8, 0x00000000d7c90000)
  from space 2624K, 100% used [0x00000000d7c90000, 0x00000000d7f20000, 0x00000000d7f20000)
  to   space 2624K,   0% used [0x00000000d7f20000, 0x00000000d7f20000, 0x00000000d81b0000)
 tenured generation   total 52448K, used 51924K [0x00000000e0e00000, 0x00000000e4138000, 0x00000000f5a00000)
   the space 52448K,  99% used [0x00000000e0e00000, 0x00000000e40b5328, 0x00000000e40b5400, 0x00000000e4138000)
 compacting perm gen  total 29696K, used 29677K [0x00000000f5a00000, 0x00000000f7700000, 0x0000000100000000)
   the space 29696K,  99% used [0x00000000f5a00000, 0x00000000f76fb618, 0x00000000f76fb800, 0x00000000f7700000)
No shared spaces configured.

